<?xml version="1.0" encoding="UTF-8"?>
<testng-results ignored="0" total="3" passed="3" failed="0" skipped="0">
  <reporter-output>
  </reporter-output>
  <suite started-at="2026-09-24T23:43:31 IST" name="Default suite" finished-at="2026-09-24T23:43:36 IST" duration-ms="4887">
    <groups>
      <group name="cucumber">
        <method signature="AbstractTestNGCucumberTests.runScenario(io.cucumber.testng.PickleWrapper,io.cucumber.testng.FeatureWrapper)[pri:0, instance:com.eventHub.runners.EventHubRunner@74fe5c40]" name="runScenario" class="io.cucumber.testng.AbstractTestNGCucumberTests"/>
      </group> <!-- cucumber -->
    </groups>
    <test started-at="2026-09-24T23:43:31 IST" name="Default test" finished-at="2026-09-24T23:43:36 IST" duration-ms="4887">
      <class name="com.eventHub.runners.EventHubRunner">
        <test-method is-config="true" signature="setUpClass(org.testng.ITestContext)[pri:0, instance:com.eventHub.runners.EventHubRunner@74fe5c40]" started-at="2026-09-24T23:43:31 IST" name="setUpClass" finished-at="2026-09-24T23:43:32 IST" duration-ms="167" status="PASS">
          <params>
            <param index="0">
              <value>
                <![CDATA[org.testng.TestRunner@224b4d61]]>
              </value>
            </param>
          </params>
          <reporter-output>
          </reporter-output>
        </test-method> <!-- setUpClass -->
        <test-method signature="runScenario(io.cucumber.testng.PickleWrapper,io.cucumber.testng.FeatureWrapper)[pri:0, instance:com.eventHub.runners.EventHubRunner@74fe5c40]" started-at="2026-09-24T23:43:32 IST" name="runScenario" description="Runs Cucumber Scenarios" data-provider="scenarios" finished-at="2026-09-24T23:43:35 IST" duration-ms="3237" status="PASS">
          <params>
            <param index="0">
              <value>
                <![CDATA["Successful login with valid credentials"]]>
              </value>
            </param>
            <param index="1">
              <value>
                <![CDATA["User Authentication"]]>
              </value>
            </param>
          </params>
          <reporter-output>
          </reporter-output>
        </test-method> <!-- runScenario -->
        <test-method signature="runScenario(io.cucumber.testng.PickleWrapper,io.cucumber.testng.FeatureWrapper)[pri:0, instance:com.eventHub.runners.EventHubRunner@74fe5c40]" started-at="2026-09-24T23:43:32 IST" name="runScenario" description="Runs Cucumber Scenarios" data-provider="scenarios" finished-at="2026-09-24T23:43:35 IST" duration-ms="3724" status="PASS">
          <params>
            <param index="0">
              <value>
                <![CDATA["Verify user can browse available events"]]>
              </value>
            </param>
            <param index="1">
              <value>
                <![CDATA["User Browse Events"]]>
              </value>
            </param>
          </params>
          <reporter-output>
          </reporter-output>
        </test-method> <!-- runScenario -->
        <test-method signature="runScenario(io.cucumber.testng.PickleWrapper,io.cucumber.testng.FeatureWrapper)[pri:0, instance:com.eventHub.runners.EventHubRunner@74fe5c40]" started-at="2026-09-24T23:43:32 IST" name="runScenario" description="Runs Cucumber Scenarios" data-provider="scenarios" finished-at="2026-09-24T23:43:36 IST" duration-ms="4683" status="PASS">
          <params>
            <param index="0">
              <value>
                <![CDATA["Book and cancel event tickets"]]>
              </value>
            </param>
            <param index="1">
              <value>
                <![CDATA["Ticket Booking and Management"]]>
              </value>
            </param>
          </params>
          <reporter-output>
          </reporter-output>
        </test-method> <!-- runScenario -->
        <test-method is-config="true" signature="tearDownClass()[pri:0, instance:com.eventHub.runners.EventHubRunner@74fe5c40]" started-at="2026-09-24T23:43:36 IST" name="tearDownClass" finished-at="2026-09-24T23:43:36 IST" duration-ms="25" status="PASS">
          <reporter-output>
          </reporter-output>
        </test-method> <!-- tearDownClass -->
      </class> <!-- com.eventHub.runners.EventHubRunner -->
    </test> <!-- Default test -->
  </suite> <!-- Default suite -->
</testng-results>
