<?xml version="1.0" encoding="UTF-8"?>
<!-- Generated by org.testng.reporters.JUnitReportReporter -->
<testsuite hostname="MacBook-Air.local" failures="0" tests="4" name="testrunner.EventHubRunner" time="16.354" errors="2" timestamp="2026-09-04T17:02:56 IST" skipped="0">
  <testcase classname="testrunner.EventHubRunner" name="runScenario" time="0.168"/>
  <testcase classname="testrunner.EventHubRunner" name="runScenario" time="15.372">
    <error message="Expected condition failed: waiting for element to be clickable, but the element was not found: org.openqa.selenium.NoSuchElementException: no such element: Unable to locate element: {&quot;method&quot;:&quot;xpath&quot;,&quot;selector&quot;:&quot;//button[text()=&#039;+&#039;]&quot;}.
(tried for 15 seconds with 500 milliseconds interval)
Build info: version: &#039;4.45.0&#039;, revision: &#039;cd6a3cd cd6a3cdfca6970f62e5bc8344109d0fe0e2af05e&#039;
System info: os.name: &#039;Mac OS X&#039;, os.arch: &#039;aarch64&#039;, os.version: &#039;26.6.2&#039;, java.version: &#039;25&#039;
Driver info: org.openqa.selenium.chrome.ChromeDriver
Capabilities {acceptInsecureCerts: false, browserName: chrome, browserVersion: 152.0.7977.76, chrome: {chromedriverVersion: 152.0.7977.82 (d04cdb24d67b..., userDataDir: /var/folders/jh/x7mfmvrd76z...}, fedcm:accounts: true, goog:chromeOptions: {debuggerAddress: localhost:55819}, goog:processID: 10358, networkConnectionEnabled: false, pageLoadStrategy: normal, platformName: mac, proxy: Proxy(), se:cdp: ws://localhost:55819/devtoo..., se:cdpVersion: 152.0.7977.76, setWindowRect: true, strictFileInteractability: false, timeouts: {implicit: 0, pageLoad: 300000, script: 30000}, unhandledPromptBehavior: dismiss and notify, webauthn:extension:credBlob: true, webauthn:extension:largeBlob: true, webauthn:extension:minPinLength: true, webauthn:extension:prf: true, webauthn:virtualAuthenticators: true}
Session ID: 0595ba9939067f2a550c95ad8f9994e0" type="org.openqa.selenium.TimeoutException">
      <![CDATA[org.openqa.selenium.TimeoutException: Expected condition failed: waiting for element to be clickable, but the element was not found: org.openqa.selenium.NoSuchElementException: no such element: Unable to locate element: {"method":"xpath","selector":"//button[text()='+']"}.
(tried for 15 seconds with 500 milliseconds interval)
Build info: version: '4.45.0', revision: 'cd6a3cd cd6a3cdfca6970f62e5bc8344109d0fe0e2af05e'
System info: os.name: 'Mac OS X', os.arch: 'aarch64', os.version: '26.6.2', java.version: '25'
Driver info: org.openqa.selenium.chrome.ChromeDriver
Capabilities {acceptInsecureCerts: false, browserName: chrome, browserVersion: 152.0.7977.76, chrome: {chromedriverVersion: 152.0.7977.82 (d04cdb24d67b..., userDataDir: /var/folders/jh/x7mfmvrd76z...}, fedcm:accounts: true, goog:chromeOptions: {debuggerAddress: localhost:55819}, goog:processID: 10358, networkConnectionEnabled: false, pageLoadStrategy: normal, platformName: mac, proxy: Proxy(), se:cdp: ws://localhost:55819/devtoo..., se:cdpVersion: 152.0.7977.76, setWindowRect: true, strictFileInteractability: false, timeouts: {implicit: 0, pageLoad: 300000, script: 30000}, unhandledPromptBehavior: dismiss and notify, webauthn:extension:credBlob: true, webauthn:extension:largeBlob: true, webauthn:extension:minPinLength: true, webauthn:extension:prf: true, webauthn:virtualAuthenticators: true}
Session ID: 0595ba9939067f2a550c95ad8f9994e0
at org.openqa.selenium.support.ui.WebDriverWait.timeoutException(WebDriverWait.java:85)
at org.openqa.selenium.support.ui.FluentWait.until(FluentWait.java:234)
at pages.BasePage.waitforElementtoBeClickable(BasePage.java:45)
at pages.BookTicket.ticketCount(BookTicket.java:59)
at eventhubfeature.TicketBooking.a_add_number_of_ticket_that_needs_to_buy(TicketBooking.java:36)
at ✽.a add number of ticket that needs to buy(file:///Users/saurabhbansod/Desktop/Asus%20Computer/Eclipse%20Workspace%202020-09/ATT28MarchBDDCucumber/src/test/resources/eventhubfeatures/LoginPage.feature:25)
]]>
    </error>
  </testcase> <!-- runScenario -->
  <testcase classname="testrunner.EventHubRunner" name="runScenario" time="0.604">
    <error message="stale element reference: stale element not found in the current frame
  (Session info: chrome=152.0.7977.76)
For documentation on this error, please visit: https://www.selenium.dev/documentation/webdriver/troubleshooting/errors#staleelementreferenceexception
Build info: version: &#039;4.45.0&#039;, revision: &#039;cd6a3cd cd6a3cdfca6970f62e5bc8344109d0fe0e2af05e&#039;
System info: os.name: &#039;Mac OS X&#039;, os.arch: &#039;aarch64&#039;, os.version: &#039;26.6.2&#039;, java.version: &#039;25&#039;
Driver info: org.openqa.selenium.chrome.ChromeDriver
Command: [0595ba9939067f2a550c95ad8f9994e0, clickElement {id=f.87DE66D3A2583E4887325FAE36496883.d.990BC46AFA30F1C3083091BCF4D3622A.e.15}]
Capabilities {acceptInsecureCerts: false, browserName: chrome, browserVersion: 152.0.7977.76, chrome: {chromedriverVersion: 152.0.7977.82 (d04cdb24d67b..., userDataDir: /var/folders/jh/x7mfmvrd76z...}, fedcm:accounts: true, goog:chromeOptions: {debuggerAddress: localhost:55819}, goog:processID: 10358, networkConnectionEnabled: false, pageLoadStrategy: normal, platformName: mac, proxy: Proxy(), se:cdp: ws://localhost:55819/devtoo..., se:cdpVersion: 152.0.7977.76, setWindowRect: true, strictFileInteractability: false, timeouts: {implicit: 0, pageLoad: 300000, script: 30000}, unhandledPromptBehavior: dismiss and notify, webauthn:extension:credBlob: true, webauthn:extension:largeBlob: true, webauthn:extension:minPinLength: true, webauthn:extension:prf: true, webauthn:virtualAuthenticators: true}
Element: [[ChromeDriver: chrome on mac (0595ba9939067f2a550c95ad8f9994e0)] -&gt; xpath: (//div[@class=&#039;p-4 flex flex-col flex-1&#039;]//child::div//a[@id=&#039;book-now-btn&#039;])[2]]
Session ID: 0595ba9939067f2a550c95ad8f9994e0" type="org.openqa.selenium.StaleElementReferenceException">
      <![CDATA[org.openqa.selenium.StaleElementReferenceException: stale element reference: stale element not found in the current frame
  (Session info: chrome=152.0.7977.76)
For documentation on this error, please visit: https://www.selenium.dev/documentation/webdriver/troubleshooting/errors#staleelementreferenceexception
Build info: version: '4.45.0', revision: 'cd6a3cd cd6a3cdfca6970f62e5bc8344109d0fe0e2af05e'
System info: os.name: 'Mac OS X', os.arch: 'aarch64', os.version: '26.6.2', java.version: '25'
Driver info: org.openqa.selenium.chrome.ChromeDriver
Command: [0595ba9939067f2a550c95ad8f9994e0, clickElement {id=f.87DE66D3A2583E4887325FAE36496883.d.990BC46AFA30F1C3083091BCF4D3622A.e.15}]
Capabilities {acceptInsecureCerts: false, browserName: chrome, browserVersion: 152.0.7977.76, chrome: {chromedriverVersion: 152.0.7977.82 (d04cdb24d67b..., userDataDir: /var/folders/jh/x7mfmvrd76z...}, fedcm:accounts: true, goog:chromeOptions: {debuggerAddress: localhost:55819}, goog:processID: 10358, networkConnectionEnabled: false, pageLoadStrategy: normal, platformName: mac, proxy: Proxy(), se:cdp: ws://localhost:55819/devtoo..., se:cdpVersion: 152.0.7977.76, setWindowRect: true, strictFileInteractability: false, timeouts: {implicit: 0, pageLoad: 300000, script: 30000}, unhandledPromptBehavior: dismiss and notify, webauthn:extension:credBlob: true, webauthn:extension:largeBlob: true, webauthn:extension:minPinLength: true, webauthn:extension:prf: true, webauthn:virtualAuthenticators: true}
Element: [[ChromeDriver: chrome on mac (0595ba9939067f2a550c95ad8f9994e0)] -> xpath: (//div[@class='p-4 flex flex-col flex-1']//child::div//a[@id='book-now-btn'])[2]]
Session ID: 0595ba9939067f2a550c95ad8f9994e0
at org.openqa.selenium.remote.ErrorCodec.decode(ErrorCodec.java:169)
at org.openqa.selenium.remote.codec.w3c.W3CHttpResponseCodec.decode(W3CHttpResponseCodec.java:143)
at org.openqa.selenium.remote.codec.w3c.W3CHttpResponseCodec.decode(W3CHttpResponseCodec.java:50)
at org.openqa.selenium.remote.HttpCommandExecutor.execute(HttpCommandExecutor.java:196)
at org.openqa.selenium.remote.service.DriverCommandExecutor.invokeExecute(DriverCommandExecutor.java:217)
at org.openqa.selenium.remote.service.DriverCommandExecutor.execute(DriverCommandExecutor.java:175)
at org.openqa.selenium.remote.RemoteWebDriver.execute(RemoteWebDriver.java:575)
at org.openqa.selenium.remote.RemoteWebElement.execute(RemoteWebElement.java:225)
at org.openqa.selenium.remote.RemoteWebElement.click(RemoteWebElement.java:79)
at java.base/jdk.internal.reflect.DirectMethodHandleAccessor.invoke(DirectMethodHandleAccessor.java:104)
at java.base/java.lang.reflect.Method.invoke(Method.java:565)
at org.openqa.selenium.support.pagefactory.internal.LocatingElementHandler.invoke(LocatingElementHandler.java:51)
at jdk.proxy2/jdk.proxy2.$Proxy22.click(Unknown Source)
at pages.BrowserEvent.BookNow(BrowserEvent.java:64)
at eventhubfeature.BrowserEventStep.a_user_is_able_to_see_multiple_events_in_the_page(BrowserEventStep.java:68)
at ✽.a user is able to see multiple events in the page(file:///Users/saurabhbansod/Desktop/Asus%20Computer/Eclipse%20Workspace%202020-09/ATT28MarchBDDCucumber/src/test/resources/eventhubfeatures/LoginPage.feature:21)
]]>
    </error>
  </testcase> <!-- runScenario -->
  <testcase classname="testrunner.EventHubRunner" name="runScenario" time="0.210"/>
</testsuite> <!-- testrunner.EventHubRunner -->
