<?xml version="1.0" encoding="UTF-8"?>
<!-- Generated by org.testng.reporters.JUnitReportReporter -->
<testsuite hostname="MacBook-Air.local" failures="0" tests="3" name="com.eventHub.runners.EventHubRunner" time="11.644" errors="0" timestamp="2026-09-24T23:43:36 IST" skipped="0">
  <testcase classname="com.eventHub.runners.EventHubRunner" name="runScenario" time="3.237"/>
  <testcase classname="com.eventHub.runners.EventHubRunner" name="runScenario" time="3.724"/>
  <testcase classname="com.eventHub.runners.EventHubRunner" name="runScenario" time="4.683"/>
</testsuite> <!-- com.eventHub.runners.EventHubRunner -->
